{"/home/vboxuser/frontend-project-46/src/compare.js": {"path":"/home/vboxuser/frontend-project-46/src/compare.js","all":false,"statementMap":{"0":{"start":{"line":1,"column":0},"end":{"line":1,"column":23}},"1":{"start":{"line":2,"column":0},"end":{"line":2,"column":0}},"2":{"start":{"line":3,"column":0},"end":{"line":3,"column":39}},"3":{"start":{"line":4,"column":0},"end":{"line":4,"column":67}},"4":{"start":{"line":5,"column":0},"end":{"line":5,"column":40}},"5":{"start":{"line":6,"column":0},"end":{"line":6,"column":34}},"6":{"start":{"line":7,"column":0},"end":{"line":7,"column":37}},"7":{"start":{"line":8,"column":0},"end":{"line":8,"column":56}},"8":{"start":{"line":9,"column":0},"end":{"line":9,"column":5}},"9":{"start":{"line":10,"column":0},"end":{"line":10,"column":0}},"10":{"start":{"line":11,"column":0},"end":{"line":11,"column":37}},"11":{"start":{"line":12,"column":0},"end":{"line":12,"column":58}},"12":{"start":{"line":13,"column":0},"end":{"line":13,"column":5}},"13":{"start":{"line":14,"column":0},"end":{"line":14,"column":0}},"14":{"start":{"line":15,"column":0},"end":{"line":15,"column":69}},"15":{"start":{"line":16,"column":0},"end":{"line":16,"column":84}},"16":{"start":{"line":17,"column":0},"end":{"line":17,"column":5}},"17":{"start":{"line":18,"column":0},"end":{"line":18,"column":44}},"18":{"start":{"line":19,"column":0},"end":{"line":19,"column":54}},"19":{"start":{"line":20,"column":0},"end":{"line":20,"column":5}},"20":{"start":{"line":21,"column":0},"end":{"line":21,"column":12}},"21":{"start":{"line":22,"column":0},"end":{"line":22,"column":67}},"22":{"start":{"line":23,"column":0},"end":{"line":23,"column":6}},"23":{"start":{"line":24,"column":0},"end":{"line":24,"column":5}},"24":{"start":{"line":25,"column":0},"end":{"line":25,"column":2}},"25":{"start":{"line":26,"column":0},"end":{"line":26,"column":0}},"26":{"start":{"line":27,"column":0},"end":{"line":27,"column":27}}},"s":{"0":1,"1":1,"2":1,"3":41,"4":41,"5":41,"6":149,"7":41,"8":41,"9":108,"10":149,"11":18,"12":18,"13":90,"14":149,"15":32,"16":32,"17":149,"18":25,"19":25,"20":33,"21":33,"22":33,"23":41,"24":41,"25":1,"26":1},"branchMap":{"0":{"type":"branch","line":3,"loc":{"start":{"line":3,"column":20},"end":{"line":25,"column":2}},"locations":[{"start":{"line":3,"column":20},"end":{"line":25,"column":2}}]},"1":{"type":"branch","line":6,"loc":{"start":{"line":6,"column":25},"end":{"line":24,"column":3}},"locations":[{"start":{"line":6,"column":25},"end":{"line":24,"column":3}}]},"2":{"type":"branch","line":7,"loc":{"start":{"line":7,"column":36},"end":{"line":9,"column":5}},"locations":[{"start":{"line":7,"column":36},"end":{"line":9,"column":5}}]},"3":{"type":"branch","line":9,"loc":{"start":{"line":9,"column":4},"end":{"line":11,"column":36}},"locations":[{"start":{"line":9,"column":4},"end":{"line":11,"column":36}}]},"4":{"type":"branch","line":11,"loc":{"start":{"line":11,"column":36},"end":{"line":13,"column":5}},"locations":[{"start":{"line":11,"column":36},"end":{"line":13,"column":5}}]},"5":{"type":"branch","line":13,"loc":{"start":{"line":13,"column":4},"end":{"line":15,"column":39}},"locations":[{"start":{"line":13,"column":4},"end":{"line":15,"column":39}}]},"6":{"type":"branch","line":15,"loc":{"start":{"line":15,"column":35},"end":{"line":15,"column":66}},"locations":[{"start":{"line":15,"column":35},"end":{"line":15,"column":66}}]},"7":{"type":"branch","line":15,"loc":{"start":{"line":15,"column":68},"end":{"line":17,"column":5}},"locations":[{"start":{"line":15,"column":68},"end":{"line":17,"column":5}}]},"8":{"type":"branch","line":17,"loc":{"start":{"line":17,"column":4},"end":{"line":18,"column":43}},"locations":[{"start":{"line":17,"column":4},"end":{"line":18,"column":43}}]},"9":{"type":"branch","line":18,"loc":{"start":{"line":18,"column":43},"end":{"line":20,"column":5}},"locations":[{"start":{"line":18,"column":43},"end":{"line":20,"column":5}}]},"10":{"type":"branch","line":20,"loc":{"start":{"line":20,"column":4},"end":{"line":24,"column":3}},"locations":[{"start":{"line":20,"column":4},"end":{"line":24,"column":3}}]}},"b":{"0":[41],"1":[149],"2":[41],"3":[108],"4":[18],"5":[90],"6":[40],"7":[32],"8":[58],"9":[25],"10":[33]},"fnMap":{"0":{"name":"compareData","decl":{"start":{"line":3,"column":20},"end":{"line":25,"column":2}},"loc":{"start":{"line":3,"column":20},"end":{"line":25,"column":2}},"line":3}},"f":{"0":41}}
,"/home/vboxuser/frontend-project-46/src/index.js": {"path":"/home/vboxuser/frontend-project-46/src/index.js","all":false,"statementMap":{"0":{"start":{"line":1,"column":0},"end":{"line":1,"column":39}},"1":{"start":{"line":2,"column":0},"end":{"line":2,"column":29}},"2":{"start":{"line":3,"column":0},"end":{"line":3,"column":35}},"3":{"start":{"line":4,"column":0},"end":{"line":4,"column":31}},"4":{"start":{"line":5,"column":0},"end":{"line":5,"column":39}},"5":{"start":{"line":6,"column":0},"end":{"line":6,"column":51}},"6":{"start":{"line":7,"column":0},"end":{"line":7,"column":0}},"7":{"start":{"line":8,"column":0},"end":{"line":8,"column":64}},"8":{"start":{"line":9,"column":0},"end":{"line":9,"column":0}},"9":{"start":{"line":10,"column":0},"end":{"line":10,"column":72}},"10":{"start":{"line":11,"column":0},"end":{"line":11,"column":0}},"11":{"start":{"line":12,"column":0},"end":{"line":12,"column":28}},"12":{"start":{"line":13,"column":0},"end":{"line":13,"column":45}},"13":{"start":{"line":14,"column":0},"end":{"line":14,"column":50}},"14":{"start":{"line":15,"column":0},"end":{"line":15,"column":56}},"15":{"start":{"line":16,"column":0},"end":{"line":16,"column":14}},"16":{"start":{"line":17,"column":0},"end":{"line":17,"column":2}},"17":{"start":{"line":18,"column":0},"end":{"line":18,"column":0}},"18":{"start":{"line":19,"column":0},"end":{"line":19,"column":58}},"19":{"start":{"line":20,"column":0},"end":{"line":20,"column":32}},"20":{"start":{"line":21,"column":0},"end":{"line":21,"column":32}},"21":{"start":{"line":22,"column":0},"end":{"line":22,"column":49}},"22":{"start":{"line":23,"column":0},"end":{"line":23,"column":64}},"23":{"start":{"line":24,"column":0},"end":{"line":24,"column":23}},"24":{"start":{"line":25,"column":0},"end":{"line":25,"column":2}},"25":{"start":{"line":26,"column":0},"end":{"line":26,"column":0}},"26":{"start":{"line":27,"column":0},"end":{"line":27,"column":23}}},"s":{"0":1,"1":1,"2":1,"3":1,"4":1,"5":1,"6":1,"7":1,"8":1,"9":1,"10":1,"11":1,"12":18,"13":18,"14":18,"15":18,"16":18,"17":1,"18":1,"19":9,"20":9,"21":9,"22":9,"23":9,"24":9,"25":1,"26":1},"branchMap":{"0":{"type":"branch","line":8,"loc":{"start":{"line":8,"column":29},"end":{"line":8,"column":63}},"locations":[{"start":{"line":8,"column":29},"end":{"line":8,"column":63}}]},"1":{"type":"branch","line":10,"loc":{"start":{"line":10,"column":27},"end":{"line":10,"column":71}},"locations":[{"start":{"line":10,"column":27},"end":{"line":10,"column":71}}]},"2":{"type":"branch","line":12,"loc":{"start":{"line":12,"column":18},"end":{"line":17,"column":2}},"locations":[{"start":{"line":12,"column":18},"end":{"line":17,"column":2}}]},"3":{"type":"branch","line":19,"loc":{"start":{"line":19,"column":16},"end":{"line":25,"column":2}},"locations":[{"start":{"line":19,"column":16},"end":{"line":25,"column":2}}]}},"b":{"0":[18],"1":[18],"2":[18],"3":[9]},"fnMap":{"0":{"name":"buildFullPathToFile","decl":{"start":{"line":8,"column":29},"end":{"line":8,"column":63}},"loc":{"start":{"line":8,"column":29},"end":{"line":8,"column":63}},"line":8},"1":{"name":"extractFileFormat","decl":{"start":{"line":10,"column":27},"end":{"line":10,"column":71}},"loc":{"start":{"line":10,"column":27},"end":{"line":10,"column":71}},"line":10},"2":{"name":"readFile","decl":{"start":{"line":12,"column":18},"end":{"line":17,"column":2}},"loc":{"start":{"line":12,"column":18},"end":{"line":17,"column":2}},"line":12},"3":{"name":"genDiff","decl":{"start":{"line":19,"column":16},"end":{"line":25,"column":2}},"loc":{"start":{"line":19,"column":16},"end":{"line":25,"column":2}},"line":19}},"f":{"0":18,"1":18,"2":18,"3":9}}
,"/home/vboxuser/frontend-project-46/src/parse.js": {"path":"/home/vboxuser/frontend-project-46/src/parse.js","all":false,"statementMap":{"0":{"start":{"line":1,"column":0},"end":{"line":1,"column":27}},"1":{"start":{"line":2,"column":0},"end":{"line":2,"column":0}},"2":{"start":{"line":3,"column":0},"end":{"line":3,"column":31}},"3":{"start":{"line":4,"column":0},"end":{"line":4,"column":17}},"4":{"start":{"line":5,"column":0},"end":{"line":5,"column":16}},"5":{"start":{"line":6,"column":0},"end":{"line":6,"column":30}},"6":{"start":{"line":7,"column":0},"end":{"line":7,"column":15}},"7":{"start":{"line":8,"column":0},"end":{"line":8,"column":29}},"8":{"start":{"line":9,"column":0},"end":{"line":9,"column":16}},"9":{"start":{"line":10,"column":0},"end":{"line":10,"column":29}},"10":{"start":{"line":11,"column":0},"end":{"line":11,"column":12}},"11":{"start":{"line":12,"column":0},"end":{"line":12,"column":55}},"12":{"start":{"line":13,"column":0},"end":{"line":13,"column":3}},"13":{"start":{"line":14,"column":0},"end":{"line":14,"column":2}},"14":{"start":{"line":15,"column":0},"end":{"line":15,"column":0}},"15":{"start":{"line":16,"column":0},"end":{"line":16,"column":21}}},"s":{"0":1,"1":1,"2":1,"3":18,"4":18,"5":2,"6":18,"7":8,"8":18,"9":8,"10":18,"11":0,"12":18,"13":18,"14":1,"15":1},"branchMap":{"0":{"type":"branch","line":3,"loc":{"start":{"line":3,"column":14},"end":{"line":14,"column":2}},"locations":[{"start":{"line":3,"column":14},"end":{"line":14,"column":2}}]},"1":{"type":"branch","line":5,"loc":{"start":{"line":5,"column":4},"end":{"line":6,"column":30}},"locations":[{"start":{"line":5,"column":4},"end":{"line":6,"column":30}}]},"2":{"type":"branch","line":7,"loc":{"start":{"line":7,"column":4},"end":{"line":8,"column":29}},"locations":[{"start":{"line":7,"column":4},"end":{"line":8,"column":29}}]},"3":{"type":"branch","line":9,"loc":{"start":{"line":9,"column":4},"end":{"line":10,"column":29}},"locations":[{"start":{"line":9,"column":4},"end":{"line":10,"column":29}}]},"4":{"type":"branch","line":11,"loc":{"start":{"line":11,"column":4},"end":{"line":12,"column":55}},"locations":[{"start":{"line":11,"column":4},"end":{"line":12,"column":55}}]}},"b":{"0":[18],"1":[2],"2":[8],"3":[8],"4":[0]},"fnMap":{"0":{"name":"parse","decl":{"start":{"line":3,"column":14},"end":{"line":14,"column":2}},"loc":{"start":{"line":3,"column":14},"end":{"line":14,"column":2}},"line":3}},"f":{"0":18}}
,"/home/vboxuser/frontend-project-46/src/formatters/index.js": {"path":"/home/vboxuser/frontend-project-46/src/formatters/index.js","all":false,"statementMap":{"0":{"start":{"line":1,"column":0},"end":{"line":1,"column":49}},"1":{"start":{"line":2,"column":0},"end":{"line":2,"column":45}},"2":{"start":{"line":3,"column":0},"end":{"line":3,"column":43}},"3":{"start":{"line":4,"column":0},"end":{"line":4,"column":0}},"4":{"start":{"line":5,"column":0},"end":{"line":5,"column":42}},"5":{"start":{"line":6,"column":0},"end":{"line":6,"column":19}},"6":{"start":{"line":7,"column":0},"end":{"line":7,"column":19}},"7":{"start":{"line":8,"column":0},"end":{"line":8,"column":41}},"8":{"start":{"line":9,"column":0},"end":{"line":9,"column":17}},"9":{"start":{"line":10,"column":0},"end":{"line":10,"column":39}},"10":{"start":{"line":11,"column":0},"end":{"line":11,"column":16}},"11":{"start":{"line":12,"column":0},"end":{"line":12,"column":38}},"12":{"start":{"line":13,"column":0},"end":{"line":13,"column":12}},"13":{"start":{"line":14,"column":0},"end":{"line":14,"column":54}},"14":{"start":{"line":15,"column":0},"end":{"line":15,"column":3}},"15":{"start":{"line":16,"column":0},"end":{"line":16,"column":2}},"16":{"start":{"line":17,"column":0},"end":{"line":17,"column":0}},"17":{"start":{"line":18,"column":0},"end":{"line":18,"column":30}}},"s":{"0":1,"1":1,"2":1,"3":1,"4":1,"5":9,"6":9,"7":5,"8":9,"9":2,"10":9,"11":2,"12":9,"13":0,"14":9,"15":9,"16":1,"17":1},"branchMap":{"0":{"type":"branch","line":5,"loc":{"start":{"line":5,"column":23},"end":{"line":16,"column":2}},"locations":[{"start":{"line":5,"column":23},"end":{"line":16,"column":2}}]},"1":{"type":"branch","line":7,"loc":{"start":{"line":7,"column":4},"end":{"line":8,"column":41}},"locations":[{"start":{"line":7,"column":4},"end":{"line":8,"column":41}}]},"2":{"type":"branch","line":9,"loc":{"start":{"line":9,"column":4},"end":{"line":10,"column":39}},"locations":[{"start":{"line":9,"column":4},"end":{"line":10,"column":39}}]},"3":{"type":"branch","line":11,"loc":{"start":{"line":11,"column":4},"end":{"line":12,"column":38}},"locations":[{"start":{"line":11,"column":4},"end":{"line":12,"column":38}}]},"4":{"type":"branch","line":13,"loc":{"start":{"line":13,"column":4},"end":{"line":14,"column":54}},"locations":[{"start":{"line":13,"column":4},"end":{"line":14,"column":54}}]}},"b":{"0":[9],"1":[5],"2":[2],"3":[2],"4":[0]},"fnMap":{"0":{"name":"makeReportDiff","decl":{"start":{"line":5,"column":23},"end":{"line":16,"column":2}},"loc":{"start":{"line":5,"column":23},"end":{"line":16,"column":2}},"line":5}},"f":{"0":9}}
,"/home/vboxuser/frontend-project-46/src/formatters/json.js": {"path":"/home/vboxuser/frontend-project-46/src/formatters/json.js","all":false,"statementMap":{"0":{"start":{"line":1,"column":0},"end":{"line":1,"column":74}},"1":{"start":{"line":2,"column":0},"end":{"line":2,"column":0}},"2":{"start":{"line":3,"column":0},"end":{"line":3,"column":34}}},"s":{"0":1,"1":1,"2":1},"branchMap":{"0":{"type":"branch","line":1,"loc":{"start":{"line":1,"column":28},"end":{"line":1,"column":73}},"locations":[{"start":{"line":1,"column":28},"end":{"line":1,"column":73}}]}},"b":{"0":[2]},"fnMap":{"0":{"name":"makeJsonReportDiff","decl":{"start":{"line":1,"column":28},"end":{"line":1,"column":73}},"loc":{"start":{"line":1,"column":28},"end":{"line":1,"column":73}},"line":1}},"f":{"0":2}}
,"/home/vboxuser/frontend-project-46/src/formatters/plain.js": {"path":"/home/vboxuser/frontend-project-46/src/formatters/plain.js","all":false,"statementMap":{"0":{"start":{"line":1,"column":0},"end":{"line":1,"column":23}},"1":{"start":{"line":2,"column":0},"end":{"line":2,"column":0}},"2":{"start":{"line":3,"column":0},"end":{"line":3,"column":30}},"3":{"start":{"line":4,"column":0},"end":{"line":4,"column":25}},"4":{"start":{"line":5,"column":0},"end":{"line":5,"column":29}},"5":{"start":{"line":6,"column":0},"end":{"line":6,"column":3}},"6":{"start":{"line":7,"column":0},"end":{"line":7,"column":25}},"7":{"start":{"line":8,"column":0},"end":{"line":8,"column":23}},"8":{"start":{"line":9,"column":0},"end":{"line":9,"column":3}},"9":{"start":{"line":10,"column":0},"end":{"line":10,"column":22}},"10":{"start":{"line":11,"column":0},"end":{"line":11,"column":2}},"11":{"start":{"line":12,"column":0},"end":{"line":12,"column":0}},"12":{"start":{"line":13,"column":0},"end":{"line":13,"column":59}},"13":{"start":{"line":14,"column":0},"end":{"line":14,"column":41}},"14":{"start":{"line":15,"column":0},"end":{"line":15,"column":18}},"15":{"start":{"line":16,"column":0},"end":{"line":16,"column":42}},"16":{"start":{"line":17,"column":0},"end":{"line":17,"column":33}},"17":{"start":{"line":18,"column":0},"end":{"line":18,"column":54}},"18":{"start":{"line":19,"column":0},"end":{"line":19,"column":5}},"19":{"start":{"line":20,"column":0},"end":{"line":20,"column":32}},"20":{"start":{"line":21,"column":0},"end":{"line":21,"column":87}},"21":{"start":{"line":22,"column":0},"end":{"line":22,"column":5}},"22":{"start":{"line":23,"column":0},"end":{"line":23,"column":34}},"23":{"start":{"line":24,"column":0},"end":{"line":24,"column":50}},"24":{"start":{"line":25,"column":0},"end":{"line":25,"column":5}},"25":{"start":{"line":26,"column":0},"end":{"line":26,"column":34}},"26":{"start":{"line":27,"column":0},"end":{"line":27,"column":113}},"27":{"start":{"line":28,"column":0},"end":{"line":28,"column":5}},"28":{"start":{"line":29,"column":0},"end":{"line":29,"column":53}},"29":{"start":{"line":30,"column":0},"end":{"line":30,"column":4}},"30":{"start":{"line":31,"column":0},"end":{"line":31,"column":14}},"31":{"start":{"line":32,"column":0},"end":{"line":32,"column":0}},"32":{"start":{"line":33,"column":0},"end":{"line":33,"column":70}},"33":{"start":{"line":34,"column":0},"end":{"line":34,"column":0}},"34":{"start":{"line":35,"column":0},"end":{"line":35,"column":35}}},"s":{"0":1,"1":1,"2":1,"3":26,"4":6,"5":6,"6":26,"7":14,"8":14,"9":6,"10":6,"11":1,"12":1,"13":10,"14":10,"15":30,"16":30,"17":8,"18":8,"19":30,"20":10,"21":10,"22":30,"23":4,"24":4,"25":8,"26":8,"27":8,"28":0,"29":0,"30":1,"31":1,"32":1,"33":1,"34":1},"branchMap":{"0":{"type":"branch","line":3,"loc":{"start":{"line":3,"column":20},"end":{"line":11,"column":2}},"locations":[{"start":{"line":3,"column":20},"end":{"line":11,"column":2}}]},"1":{"type":"branch","line":4,"loc":{"start":{"line":4,"column":24},"end":{"line":6,"column":3}},"locations":[{"start":{"line":4,"column":24},"end":{"line":6,"column":3}}]},"2":{"type":"branch","line":6,"loc":{"start":{"line":6,"column":2},"end":{"line":7,"column":24}},"locations":[{"start":{"line":6,"column":2},"end":{"line":7,"column":24}}]},"3":{"type":"branch","line":7,"loc":{"start":{"line":7,"column":24},"end":{"line":9,"column":3}},"locations":[{"start":{"line":7,"column":24},"end":{"line":9,"column":3}}]},"4":{"type":"branch","line":9,"loc":{"start":{"line":9,"column":2},"end":{"line":11,"column":2}},"locations":[{"start":{"line":9,"column":2},"end":{"line":11,"column":2}}]},"5":{"type":"branch","line":13,"loc":{"start":{"line":13,"column":18},"end":{"line":31,"column":13}},"locations":[{"start":{"line":13,"column":18},"end":{"line":31,"column":13}}]},"6":{"type":"branch","line":14,"loc":{"start":{"line":14,"column":11},"end":{"line":14,"column":40}},"locations":[{"start":{"line":14,"column":11},"end":{"line":14,"column":40}}]},"7":{"type":"branch","line":15,"loc":{"start":{"line":15,"column":8},"end":{"line":30,"column":4}},"locations":[{"start":{"line":15,"column":8},"end":{"line":30,"column":4}}]},"8":{"type":"branch","line":17,"loc":{"start":{"line":17,"column":32},"end":{"line":19,"column":5}},"locations":[{"start":{"line":17,"column":32},"end":{"line":19,"column":5}}]},"9":{"type":"branch","line":19,"loc":{"start":{"line":19,"column":4},"end":{"line":20,"column":31}},"locations":[{"start":{"line":19,"column":4},"end":{"line":20,"column":31}}]},"10":{"type":"branch","line":20,"loc":{"start":{"line":20,"column":31},"end":{"line":22,"column":5}},"locations":[{"start":{"line":20,"column":31},"end":{"line":22,"column":5}}]},"11":{"type":"branch","line":22,"loc":{"start":{"line":22,"column":4},"end":{"line":23,"column":33}},"locations":[{"start":{"line":22,"column":4},"end":{"line":23,"column":33}}]},"12":{"type":"branch","line":23,"loc":{"start":{"line":23,"column":33},"end":{"line":25,"column":5}},"locations":[{"start":{"line":23,"column":33},"end":{"line":25,"column":5}}]},"13":{"type":"branch","line":25,"loc":{"start":{"line":25,"column":4},"end":{"line":28,"column":5}},"locations":[{"start":{"line":25,"column":4},"end":{"line":28,"column":5}}]},"14":{"type":"branch","line":28,"loc":{"start":{"line":28,"column":4},"end":{"line":30,"column":4}},"locations":[{"start":{"line":28,"column":4},"end":{"line":30,"column":4}}]},"15":{"type":"branch","line":33,"loc":{"start":{"line":33,"column":29},"end":{"line":33,"column":69}},"locations":[{"start":{"line":33,"column":29},"end":{"line":33,"column":69}}]}},"b":{"0":[26],"1":[6],"2":[20],"3":[14],"4":[6],"5":[10],"6":[36],"7":[30],"8":[8],"9":[22],"10":[10],"11":[12],"12":[4],"13":[8],"14":[0],"15":[2]},"fnMap":{"0":{"name":"makeString","decl":{"start":{"line":3,"column":20},"end":{"line":11,"column":2}},"loc":{"start":{"line":3,"column":20},"end":{"line":11,"column":2}},"line":3},"1":{"name":"makePlain","decl":{"start":{"line":13,"column":18},"end":{"line":31,"column":13}},"loc":{"start":{"line":13,"column":18},"end":{"line":31,"column":13}},"line":13},"2":{"name":"makePlainReportDiff","decl":{"start":{"line":33,"column":29},"end":{"line":33,"column":69}},"loc":{"start":{"line":33,"column":29},"end":{"line":33,"column":69}},"line":33}},"f":{"0":26,"1":10,"2":2}}
,"/home/vboxuser/frontend-project-46/src/formatters/stylish.js": {"path":"/home/vboxuser/frontend-project-46/src/formatters/stylish.js","all":false,"statementMap":{"0":{"start":{"line":1,"column":0},"end":{"line":1,"column":23}},"1":{"start":{"line":2,"column":0},"end":{"line":2,"column":0}},"2":{"start":{"line":3,"column":0},"end":{"line":3,"column":50}},"3":{"start":{"line":4,"column":0},"end":{"line":4,"column":19}},"4":{"start":{"line":5,"column":0},"end":{"line":5,"column":40}},"5":{"start":{"line":6,"column":0},"end":{"line":6,"column":3}},"6":{"start":{"line":7,"column":0},"end":{"line":7,"column":38}},"7":{"start":{"line":8,"column":0},"end":{"line":8,"column":2}},"8":{"start":{"line":9,"column":0},"end":{"line":9,"column":0}},"9":{"start":{"line":10,"column":0},"end":{"line":10,"column":37}},"10":{"start":{"line":11,"column":0},"end":{"line":11,"column":43}},"11":{"start":{"line":12,"column":0},"end":{"line":12,"column":24}},"12":{"start":{"line":13,"column":0},"end":{"line":13,"column":3}},"13":{"start":{"line":14,"column":0},"end":{"line":14,"column":134}},"14":{"start":{"line":15,"column":0},"end":{"line":15,"column":57}},"15":{"start":{"line":16,"column":0},"end":{"line":16,"column":2}},"16":{"start":{"line":17,"column":0},"end":{"line":17,"column":0}},"17":{"start":{"line":18,"column":0},"end":{"line":18,"column":47}},"18":{"start":{"line":19,"column":0},"end":{"line":19,"column":43}},"19":{"start":{"line":20,"column":0},"end":{"line":20,"column":33}},"20":{"start":{"line":21,"column":0},"end":{"line":21,"column":85}},"21":{"start":{"line":22,"column":0},"end":{"line":22,"column":5}},"22":{"start":{"line":23,"column":0},"end":{"line":23,"column":34}},"23":{"start":{"line":24,"column":0},"end":{"line":24,"column":89}},"24":{"start":{"line":25,"column":0},"end":{"line":25,"column":5}},"25":{"start":{"line":26,"column":0},"end":{"line":26,"column":32}},"26":{"start":{"line":27,"column":0},"end":{"line":27,"column":89}},"27":{"start":{"line":28,"column":0},"end":{"line":28,"column":5}},"28":{"start":{"line":29,"column":0},"end":{"line":29,"column":34}},"29":{"start":{"line":30,"column":0},"end":{"line":30,"column":98}},"30":{"start":{"line":31,"column":0},"end":{"line":31,"column":98}},"31":{"start":{"line":32,"column":0},"end":{"line":32,"column":38}},"32":{"start":{"line":33,"column":0},"end":{"line":33,"column":5}},"33":{"start":{"line":34,"column":0},"end":{"line":34,"column":31}},"34":{"start":{"line":35,"column":0},"end":{"line":35,"column":73}},"35":{"start":{"line":36,"column":0},"end":{"line":36,"column":5}},"36":{"start":{"line":37,"column":0},"end":{"line":37,"column":16}},"37":{"start":{"line":38,"column":0},"end":{"line":38,"column":5}},"38":{"start":{"line":39,"column":0},"end":{"line":39,"column":59}},"39":{"start":{"line":40,"column":0},"end":{"line":40,"column":2}},"40":{"start":{"line":41,"column":0},"end":{"line":41,"column":0}},"41":{"start":{"line":42,"column":0},"end":{"line":42,"column":71}},"42":{"start":{"line":43,"column":0},"end":{"line":43,"column":0}},"43":{"start":{"line":44,"column":0},"end":{"line":44,"column":37}}},"s":{"0":1,"1":1,"2":1,"3":179,"4":101,"5":101,"6":78,"7":78,"8":1,"9":1,"10":114,"11":86,"12":86,"13":28,"14":28,"15":28,"16":1,"17":1,"18":21,"19":77,"20":16,"21":16,"22":77,"23":10,"24":10,"25":77,"26":21,"27":21,"28":77,"29":17,"30":17,"31":17,"32":17,"33":13,"34":13,"35":13,"36":0,"37":21,"38":21,"39":21,"40":1,"41":1,"42":1,"43":1},"branchMap":{"0":{"type":"branch","line":3,"loc":{"start":{"line":3,"column":18},"end":{"line":8,"column":2}},"locations":[{"start":{"line":3,"column":18},"end":{"line":8,"column":2}}]},"1":{"type":"branch","line":4,"loc":{"start":{"line":4,"column":18},"end":{"line":6,"column":3}},"locations":[{"start":{"line":4,"column":18},"end":{"line":6,"column":3}}]},"2":{"type":"branch","line":6,"loc":{"start":{"line":6,"column":2},"end":{"line":8,"column":2}},"locations":[{"start":{"line":6,"column":2},"end":{"line":8,"column":2}}]},"3":{"type":"branch","line":10,"loc":{"start":{"line":10,"column":19},"end":{"line":16,"column":2}},"locations":[{"start":{"line":10,"column":19},"end":{"line":16,"column":2}}]},"4":{"type":"branch","line":11,"loc":{"start":{"line":11,"column":23},"end":{"line":11,"column":40}},"locations":[{"start":{"line":11,"column":23},"end":{"line":11,"column":40}}]},"5":{"type":"branch","line":11,"loc":{"start":{"line":11,"column":42},"end":{"line":13,"column":3}},"locations":[{"start":{"line":11,"column":42},"end":{"line":13,"column":3}}]},"6":{"type":"branch","line":13,"loc":{"start":{"line":13,"column":2},"end":{"line":16,"column":2}},"locations":[{"start":{"line":13,"column":2},"end":{"line":16,"column":2}}]},"7":{"type":"branch","line":14,"loc":{"start":{"line":14,"column":42},"end":{"line":14,"column":132}},"locations":[{"start":{"line":14,"column":42},"end":{"line":14,"column":132}}]},"8":{"type":"branch","line":18,"loc":{"start":{"line":18,"column":17},"end":{"line":40,"column":2}},"locations":[{"start":{"line":18,"column":17},"end":{"line":40,"column":2}}]},"9":{"type":"branch","line":19,"loc":{"start":{"line":19,"column":33},"end":{"line":38,"column":3}},"locations":[{"start":{"line":19,"column":33},"end":{"line":38,"column":3}}]},"10":{"type":"branch","line":20,"loc":{"start":{"line":20,"column":32},"end":{"line":22,"column":5}},"locations":[{"start":{"line":20,"column":32},"end":{"line":22,"column":5}}]},"11":{"type":"branch","line":22,"loc":{"start":{"line":22,"column":4},"end":{"line":23,"column":33}},"locations":[{"start":{"line":22,"column":4},"end":{"line":23,"column":33}}]},"12":{"type":"branch","line":23,"loc":{"start":{"line":23,"column":33},"end":{"line":25,"column":5}},"locations":[{"start":{"line":23,"column":33},"end":{"line":25,"column":5}}]},"13":{"type":"branch","line":25,"loc":{"start":{"line":25,"column":4},"end":{"line":26,"column":31}},"locations":[{"start":{"line":25,"column":4},"end":{"line":26,"column":31}}]},"14":{"type":"branch","line":26,"loc":{"start":{"line":26,"column":31},"end":{"line":28,"column":5}},"locations":[{"start":{"line":26,"column":31},"end":{"line":28,"column":5}}]},"15":{"type":"branch","line":28,"loc":{"start":{"line":28,"column":4},"end":{"line":29,"column":33}},"locations":[{"start":{"line":28,"column":4},"end":{"line":29,"column":33}}]},"16":{"type":"branch","line":29,"loc":{"start":{"line":29,"column":33},"end":{"line":33,"column":5}},"locations":[{"start":{"line":29,"column":33},"end":{"line":33,"column":5}}]},"17":{"type":"branch","line":33,"loc":{"start":{"line":33,"column":4},"end":{"line":36,"column":5}},"locations":[{"start":{"line":33,"column":4},"end":{"line":36,"column":5}}]},"18":{"type":"branch","line":36,"loc":{"start":{"line":36,"column":4},"end":{"line":38,"column":3}},"locations":[{"start":{"line":36,"column":4},"end":{"line":38,"column":3}}]},"19":{"type":"branch","line":42,"loc":{"start":{"line":42,"column":31},"end":{"line":42,"column":70}},"locations":[{"start":{"line":42,"column":31},"end":{"line":42,"column":70}}]}},"b":{"0":[179],"1":[101],"2":[78],"3":[114],"4":[28],"5":[86],"6":[28],"7":[36],"8":[21],"9":[77],"10":[16],"11":[61],"12":[10],"13":[51],"14":[21],"15":[30],"16":[17],"17":[13],"18":[0],"19":[5]},"fnMap":{"0":{"name":"addMargin","decl":{"start":{"line":3,"column":18},"end":{"line":8,"column":2}},"loc":{"start":{"line":3,"column":18},"end":{"line":8,"column":2}},"line":3},"1":{"name":"makeString","decl":{"start":{"line":10,"column":19},"end":{"line":16,"column":2}},"loc":{"start":{"line":10,"column":19},"end":{"line":16,"column":2}},"line":10},"2":{"name":"makeTree","decl":{"start":{"line":18,"column":17},"end":{"line":40,"column":2}},"loc":{"start":{"line":18,"column":17},"end":{"line":40,"column":2}},"line":18},"3":{"name":"makeStylishReportDiff","decl":{"start":{"line":42,"column":31},"end":{"line":42,"column":70}},"loc":{"start":{"line":42,"column":31},"end":{"line":42,"column":70}},"line":42}},"f":{"0":179,"1":114,"2":21,"3":5}}
}
