TN:
SF:src/compare.js
FN:3,compareData
FNF:1
FNH:1
FNDA:60,compareData
DA:1,1
DA:2,1
DA:3,1
DA:4,60
DA:5,60
DA:6,60
DA:7,216
DA:8,60
DA:9,60
DA:10,156
DA:11,216
DA:12,24
DA:13,24
DA:14,132
DA:15,216
DA:16,48
DA:17,48
DA:18,216
DA:19,36
DA:20,36
DA:21,48
DA:22,48
DA:23,48
DA:24,60
DA:25,60
DA:26,1
DA:27,1
LF:27
LH:27
BRDA:3,0,0,60
BRDA:6,1,0,216
BRDA:7,2,0,60
BRDA:9,3,0,156
BRDA:11,4,0,24
BRDA:13,5,0,132
BRDA:15,6,0,60
BRDA:15,7,0,48
BRDA:17,8,0,84
BRDA:18,9,0,36
BRDA:20,10,0,48
BRF:11
BRH:11
end_of_record
TN:
SF:src/index.js
FN:8,buildFullPathToFile
FN:10,extractFileFormat
FN:12,readFile
FN:19,genDiff
FNF:4
FNH:4
FNDA:24,buildFullPathToFile
FNDA:24,extractFileFormat
FNDA:24,readFile
FNDA:12,genDiff
DA:1,1
DA:2,1
DA:3,1
DA:4,1
DA:5,1
DA:6,1
DA:7,1
DA:8,1
DA:9,1
DA:10,1
DA:11,1
DA:12,1
DA:13,24
DA:14,24
DA:15,24
DA:16,24
DA:17,24
DA:18,1
DA:19,1
DA:20,12
DA:21,12
DA:22,12
DA:23,12
DA:24,12
DA:25,12
DA:26,1
DA:27,1
LF:27
LH:27
BRDA:8,0,0,24
BRDA:10,1,0,24
BRDA:12,2,0,24
BRDA:19,3,0,12
BRF:4
BRH:4
end_of_record
TN:
SF:src/parse.js
FN:3,parse
FNF:1
FNH:1
FNDA:24,parse
DA:1,1
DA:2,1
DA:3,1
DA:4,24
DA:5,24
DA:6,8
DA:7,24
DA:8,8
DA:9,24
DA:10,8
DA:11,24
DA:12,0
DA:13,24
DA:14,24
DA:15,1
DA:16,1
LF:16
LH:15
BRDA:3,0,0,24
BRDA:5,1,0,8
BRDA:7,2,0,8
BRDA:9,3,0,8
BRDA:11,4,0,0
BRF:5
BRH:4
end_of_record
TN:
SF:src/formatters/index.js
FN:5,makeReportDiff
FNF:1
FNH:1
FNDA:12,makeReportDiff
DA:1,1
DA:2,1
DA:3,1
DA:4,1
DA:5,1
DA:6,12
DA:7,12
DA:8,6
DA:9,12
DA:10,3
DA:11,12
DA:12,3
DA:13,12
DA:14,0
DA:15,12
DA:16,12
DA:17,1
DA:18,1
LF:18
LH:17
BRDA:5,0,0,12
BRDA:7,1,0,6
BRDA:9,2,0,3
BRDA:11,3,0,3
BRDA:13,4,0,0
BRF:5
BRH:4
end_of_record
TN:
SF:src/formatters/json.js
FN:1,makeJsonReportDiff
FNF:1
FNH:1
FNDA:3,makeJsonReportDiff
DA:1,1
DA:2,1
DA:3,1
LF:3
LH:3
BRDA:1,0,0,3
BRF:1
BRH:1
end_of_record
TN:
SF:src/formatters/plain.js
FN:3,makeString
FN:13,makePlain
FN:33,makePlainReportDiff
FNF:3
FNH:3
FNDA:39,makeString
FNDA:15,makePlain
FNDA:3,makePlainReportDiff
DA:1,1
DA:2,1
DA:3,1
DA:4,39
DA:5,9
DA:6,9
DA:7,39
DA:8,21
DA:9,21
DA:10,9
DA:11,9
DA:12,1
DA:13,1
DA:14,15
DA:15,15
DA:16,45
DA:17,45
DA:18,12
DA:19,12
DA:20,45
DA:21,15
DA:22,15
DA:23,45
DA:24,6
DA:25,6
DA:26,12
DA:27,12
DA:28,12
DA:29,0
DA:30,0
DA:31,1
DA:32,1
DA:33,1
DA:34,1
DA:35,1
LF:35
LH:33
BRDA:3,0,0,39
BRDA:4,1,0,9
BRDA:6,2,0,30
BRDA:7,3,0,21
BRDA:9,4,0,9
BRDA:13,5,0,15
BRDA:14,6,0,54
BRDA:15,7,0,45
BRDA:17,8,0,12
BRDA:19,9,0,33
BRDA:20,10,0,15
BRDA:22,11,0,18
BRDA:23,12,0,6
BRDA:25,13,0,12
BRDA:28,14,0,0
BRDA:33,15,0,3
BRF:16
BRH:15
end_of_record
TN:
SF:src/formatters/stylish.js
FN:3,addMargin
FN:10,makeString
FN:18,makeTree
FN:42,makeStylishReportDiff
FNF:4
FNH:4
FNDA:258,addMargin
FNDA:162,makeString
FNDA:30,makeTree
FNDA:6,makeStylishReportDiff
DA:1,1
DA:2,1
DA:3,1
DA:4,258
DA:5,144
DA:6,144
DA:7,114
DA:8,114
DA:9,1
DA:10,1
DA:11,162
DA:12,120
DA:13,120
DA:14,42
DA:15,42
DA:16,42
DA:17,1
DA:18,1
DA:19,30
DA:20,108
DA:21,24
DA:22,24
DA:23,108
DA:24,12
DA:25,12
DA:26,108
DA:27,30
DA:28,30
DA:29,108
DA:30,24
DA:31,24
DA:32,24
DA:33,24
DA:34,18
DA:35,18
DA:36,18
DA:37,0
DA:38,30
DA:39,30
DA:40,30
DA:41,1
DA:42,1
DA:43,1
DA:44,1
LF:44
LH:43
BRDA:3,0,0,258
BRDA:4,1,0,144
BRDA:6,2,0,114
BRDA:10,3,0,162
BRDA:11,4,0,42
BRDA:11,5,0,120
BRDA:13,6,0,42
BRDA:14,7,0,54
BRDA:18,8,0,30
BRDA:19,9,0,108
BRDA:20,10,0,24
BRDA:22,11,0,84
BRDA:23,12,0,12
BRDA:25,13,0,72
BRDA:26,14,0,30
BRDA:28,15,0,42
BRDA:29,16,0,24
BRDA:33,17,0,18
BRDA:36,18,0,0
BRDA:42,19,0,6
BRF:20
BRH:19
end_of_record
