TN:
SF:src/compare.js
FN:3,compareData
FNF:1
FNH:1
FNDA:41,compareData
DA:1,1
DA:2,1
DA:3,1
DA:4,41
DA:5,41
DA:6,41
DA:7,149
DA:8,41
DA:9,41
DA:10,108
DA:11,149
DA:12,18
DA:13,18
DA:14,90
DA:15,149
DA:16,32
DA:17,32
DA:18,149
DA:19,25
DA:20,25
DA:21,33
DA:22,33
DA:23,33
DA:24,41
DA:25,41
DA:26,1
DA:27,1
LF:27
LH:27
BRDA:3,0,0,41
BRDA:6,1,0,149
BRDA:7,2,0,41
BRDA:9,3,0,108
BRDA:11,4,0,18
BRDA:13,5,0,90
BRDA:15,6,0,40
BRDA:15,7,0,32
BRDA:17,8,0,58
BRDA:18,9,0,25
BRDA:20,10,0,33
BRF:11
BRH:11
end_of_record
TN:
SF:src/index.js
FN:8,buildFullPathToFile
FN:10,extractFileFormat
FN:12,readFile
FN:19,genDiff
FNF:4
FNH:4
FNDA:18,buildFullPathToFile
FNDA:18,extractFileFormat
FNDA:18,readFile
FNDA:9,genDiff
DA:1,1
DA:2,1
DA:3,1
DA:4,1
DA:5,1
DA:6,1
DA:7,1
DA:8,1
DA:9,1
DA:10,1
DA:11,1
DA:12,1
DA:13,18
DA:14,18
DA:15,18
DA:16,18
DA:17,18
DA:18,1
DA:19,1
DA:20,9
DA:21,9
DA:22,9
DA:23,9
DA:24,9
DA:25,9
DA:26,1
DA:27,1
LF:27
LH:27
BRDA:8,0,0,18
BRDA:10,1,0,18
BRDA:12,2,0,18
BRDA:19,3,0,9
BRF:4
BRH:4
end_of_record
TN:
SF:src/parse.js
FN:3,parse
FNF:1
FNH:1
FNDA:18,parse
DA:1,1
DA:2,1
DA:3,1
DA:4,18
DA:5,18
DA:6,2
DA:7,18
DA:8,8
DA:9,18
DA:10,8
DA:11,18
DA:12,0
DA:13,18
DA:14,18
DA:15,1
DA:16,1
LF:16
LH:15
BRDA:3,0,0,18
BRDA:5,1,0,2
BRDA:7,2,0,8
BRDA:9,3,0,8
BRDA:11,4,0,0
BRF:5
BRH:4
end_of_record
TN:
SF:src/formatters/index.js
FN:5,makeReportDiff
FNF:1
FNH:1
FNDA:9,makeReportDiff
DA:1,1
DA:2,1
DA:3,1
DA:4,1
DA:5,1
DA:6,9
DA:7,9
DA:8,5
DA:9,9
DA:10,2
DA:11,9
DA:12,2
DA:13,9
DA:14,0
DA:15,9
DA:16,9
DA:17,1
DA:18,1
LF:18
LH:17
BRDA:5,0,0,9
BRDA:7,1,0,5
BRDA:9,2,0,2
BRDA:11,3,0,2
BRDA:13,4,0,0
BRF:5
BRH:4
end_of_record
TN:
SF:src/formatters/json.js
FN:1,makeJsonReportDiff
FNF:1
FNH:1
FNDA:2,makeJsonReportDiff
DA:1,1
DA:2,1
DA:3,1
LF:3
LH:3
BRDA:1,0,0,2
BRF:1
BRH:1
end_of_record
TN:
SF:src/formatters/plain.js
FN:3,makeString
FN:13,makePlain
FN:33,makePlainReportDiff
FNF:3
FNH:3
FNDA:26,makeString
FNDA:10,makePlain
FNDA:2,makePlainReportDiff
DA:1,1
DA:2,1
DA:3,1
DA:4,26
DA:5,6
DA:6,6
DA:7,26
DA:8,14
DA:9,14
DA:10,6
DA:11,6
DA:12,1
DA:13,1
DA:14,10
DA:15,10
DA:16,30
DA:17,30
DA:18,8
DA:19,8
DA:20,30
DA:21,10
DA:22,10
DA:23,30
DA:24,4
DA:25,4
DA:26,8
DA:27,8
DA:28,8
DA:29,0
DA:30,0
DA:31,1
DA:32,1
DA:33,1
DA:34,1
DA:35,1
LF:35
LH:33
BRDA:3,0,0,26
BRDA:4,1,0,6
BRDA:6,2,0,20
BRDA:7,3,0,14
BRDA:9,4,0,6
BRDA:13,5,0,10
BRDA:14,6,0,36
BRDA:15,7,0,30
BRDA:17,8,0,8
BRDA:19,9,0,22
BRDA:20,10,0,10
BRDA:22,11,0,12
BRDA:23,12,0,4
BRDA:25,13,0,8
BRDA:28,14,0,0
BRDA:33,15,0,2
BRF:16
BRH:15
end_of_record
TN:
SF:src/formatters/stylish.js
FN:3,addMargin
FN:10,makeString
FN:18,makeTree
FN:42,makeStylishReportDiff
FNF:4
FNH:4
FNDA:179,addMargin
FNDA:114,makeString
FNDA:21,makeTree
FNDA:5,makeStylishReportDiff
DA:1,1
DA:2,1
DA:3,1
DA:4,179
DA:5,101
DA:6,101
DA:7,78
DA:8,78
DA:9,1
DA:10,1
DA:11,114
DA:12,86
DA:13,86
DA:14,28
DA:15,28
DA:16,28
DA:17,1
DA:18,1
DA:19,21
DA:20,77
DA:21,16
DA:22,16
DA:23,77
DA:24,10
DA:25,10
DA:26,77
DA:27,21
DA:28,21
DA:29,77
DA:30,17
DA:31,17
DA:32,17
DA:33,17
DA:34,13
DA:35,13
DA:36,13
DA:37,0
DA:38,21
DA:39,21
DA:40,21
DA:41,1
DA:42,1
DA:43,1
DA:44,1
LF:44
LH:43
BRDA:3,0,0,179
BRDA:4,1,0,101
BRDA:6,2,0,78
BRDA:10,3,0,114
BRDA:11,4,0,28
BRDA:11,5,0,86
BRDA:13,6,0,28
BRDA:14,7,0,36
BRDA:18,8,0,21
BRDA:19,9,0,77
BRDA:20,10,0,16
BRDA:22,11,0,61
BRDA:23,12,0,10
BRDA:25,13,0,51
BRDA:26,14,0,21
BRDA:28,15,0,30
BRDA:29,16,0,17
BRDA:33,17,0,13
BRDA:36,18,0,0
BRDA:42,19,0,5
BRF:20
BRH:19
end_of_record
